<?xml version="1.0" encoding="UTF-8"?>
<testsuite name="it.unibo.nestedenum.TestMonthSorter" tests="2" skipped="0" failures="0" errors="0" timestamp="2022-11-08T17:15:55" hostname="LAB22-02-02" time="0.527">
  <properties/>
  <testcase name="testAmbiguousAndIllegalName()" classname="it.unibo.nestedenum.TestMonthSorter" time="0.044"/>
  <testcase name="testSorting()" classname="it.unibo.nestedenum.TestMonthSorter" time="0.482"/>
  <system-out><![CDATA[J
dec - J
J
sunny
November - sunny
sunny
january - june
may - january
may - june
may - january
april - may
april - january
december - may
december - june
march - may
march - april
march - january
september - may
september - december
september - june
february - may
february - march
february - january
november - may
november - september
november - december
august - may
august - november
august - september
august - june
july - june
july - november
july - september
july - august
october - june
october - september
october - december
october - november
november - june
march - november
march - november
march - june
august - june
august - november
december - august
december - november
july - august
july - june
september - august
september - december
september - november
may - august
may - june
may - march
january - august
january - june
january - may
january - march
april - july
april - may
april - march
october - july
october - november
october - september
february - july
february - april
february - march
february - january
august - july
february - august
february - august
february - july
june - july
june - february
march - july
march - june
march - february
april - june
april - march
january - june
january - march
january - february
december - april
december - july
december - august
september - june
september - august
september - december
may - june
may - march
may - april
october - june
october - september
october - december
november - june
november - september
november - december
november - october
august - october
april - august
february - april
september - february
september - august
september - october
march - august
march - april
march - february
july - august
july - march
july - april
may - july
may - march
may - april
december - july
december - september
december - october
june - july
june - april
june - may
january - july
january - april
january - march
january - february
november - june
november - september
november - december
november - october
july - march
december - july
february - december
february - july
february - march
september - july
september - december
may - july
may - march
august - july
august - december
august - september
june - july
june - march
june - may
april - july
april - may
april - march
november - june
november - september
november - december
january - july
january - april
january - march
january - february
october - june
october - september
october - december
october - november
august - april
may - august
may - august
may - april
january - may
january - april
june - may
june - august
july - may
july - august
july - june
december - june
december - august
november - june
november - august
november - december
march - july
march - may
march - april
march - january
october - june
october - november
october - august
september - july
september - november
september - october
september - august
february - july
february - april
february - march
february - january
july - october
august - july
august - october
august - july
january - august
january - july
april - august
april - july
april - january
february - july
february - april
february - january
december - july
december - october
november - july
november - october
november - december
march - august
march - april
march - february
june - july
june - march
june - april
may - july
may - march
may - june
may - april
september - june
september - october
september - august
may - april
september - may
november - september
june - november
june - september
june - may
january - june
january - may
january - april
february - june
february - april
february - january
october - may
october - september
october - november
march - june
march - april
march - february
december - may
december - october
december - november
july - june
july - november
july - october
july - september
august - june
august - october
august - september
august - july
may - november
february - may
april - february
april - may
april - february
october - may
october - november
september - may
september - november
september - october
june - september
june - april
june - may
january - june
january - april
january - february
july - june
july - october
july - september
december - june
december - october
december - november
march - july
march - april
march - february
august - june
august - october
august - september
august - july
october - november
december - october
december - november
june - november
june - october
april - november
april - october
april - june
september - october
september - june
may - october
may - june
may - april
august - september
august - may
august - june
january - september
january - june
january - may
january - april
march - august
march - may
march - april
march - january
february - august
february - april
february - march
february - january
july - june
july - october
july - september
july - august
may - july
april - may
october - april
october - may
october - july
january - july
january - may
january - april
june - may
june - october
june - july
march - june
march - april
march - january
december - may
december - july
december - october
september - june
september - october
september - july
february - june
february - april
february - march
february - january
november - june
november - october
november - december
august - june
august - october
august - september
august - july
september - august
march - september
march - september
march - august
june - august
june - march
may - august
may - june
may - march
february - june
february - may
february - march
january - june
january - march
january - february
april - may
april - february
april - march
october - may
october - august
october - september
july - may
july - september
july - august
july - june
november - june
november - september
november - october
december - june
december - september
december - november
october - november
july - october
december - july
december - october
december - november
september - november
september - october
september - july
january - october
january - september
january - july
april - october
april - july
april - january
may - september
may - april
may - july
february - september
february - may
february - april
february - january
june - july
june - april
june - may
august - july
august - november
august - october
august - september
march - july
march - april
march - february
june - october
march - june
july - march
july - june
july - october
september - july
september - october
december - july
december - october
april - september
april - june
april - march
february - july
february - april
february - march
may - july
may - april
may - june
january - june
january - april
january - march
january - february
august - june
august - october
august - september
august - july
november - june
november - september
november - december
november - october
january - april
may - january
may - april
september - april
september - may
november - may
november - september
july - may
july - november
july - september
december - july
december - november
june - july
june - april
june - may
march - july
march - may
march - april
march - january
august - june
august - november
august - september
august - july
february - july
february - april
february - march
february - january
october - june
october - september
october - december
october - november
november - february
april - november
april - november
april - february
january - april
january - february
march - april
march - february
may - march
may - november
may - april
june - april
june - november
june - may
october - april
october - june
october - november
september - may
september - october
september - june
december - may
december - october
december - november
august - june
august - november
august - october
august - september
july - june
july - october
july - september
july - august
january - may
december - january
december - may
march - may
march - january
august - may
august - december
october - may
october - december
october - august
february - august
february - march
february - january
september - may
september - october
september - august
july - august
july - march
july - may
june - july
june - march
june - may
april - july
april - march
april - june
april - may
november - june
november - september
november - december
november - october
july - april
february - july
february - july
february - april
march - april
march - february
january - april
january - march
january - february
november - march
november - july
august - april
august - november
august - july
september - april
september - august
september - november
may - july
may - march
may - april
december - may
december - september
december - november
june - july
june - march
june - may
october - june
october - september
october - december
october - november
december - october
january - december
january - december
january - october
april - october
april - january
september - october
september - april
november - september
november - december
november - october
february - october
february - april
february - january
march - september
march - february
march - april
august - september
august - march
august - april
july - august
july - march
july - april
may - august
may - march
may - july
may - april
june - july
june - march
june - may
may - august
october - may
october - august
november - august
november - october
april - october
april - august
april - may
july - august
july - may
march - august
march - may
march - april
september - july
september - october
september - august
january - august
january - may
january - april
january - march
february - july
february - april
february - march
february - january
december - july
december - october
december - november
june - july
june - march
june - may
april - september
august - april
august - september
august - april
january - august
january - april
february - august
february - april
february - january
november - april
november - september
may - august
may - february
may - april
june - may
june - september
june - august
december - june
december - september
december - november
october - june
october - november
october - september
july - august
july - april
july - june
march - july
march - april
march - february
april - march
august - april
february - august
february - april
february - march
june - april
june - august
september - april
september - august
july - june
july - september
july - august
november - june
november - august
november - september
may - july
may - april
may - june
january - june
january - april
january - march
january - february
october - june
october - september
october - november
december - june
december - september
december - november
april - june
february - april
october - february
october - april
october - june
december - june
december - october
january - june
january - april
january - february
september - june
september - december
september - october
may - june
may - february
may - april
march - june
march - april
march - february
august - may
august - october
august - september
august - june
july - june
july - october
july - september
july - august
november - june
november - september
november - december
november - october
july - february
march - july
march - july
march - february
april - march
april - july
september - april
september - july
june - april
june - september
june - july
december - june
december - september
august - june
august - september
august - july
january - july
january - april
january - march
january - february
may - june
may - march
may - april
october - june
october - september
october - december
november - june
november - september
november - december
november - october
may - october
january - may
november - january
november - may
november - october
march - october
march - may
march - january
february - may
february - march
february - january
august - may
august - november
august - october
december - may
december - october
december - november
july - august
july - march
july - may
september - july
september - november
september - october
september - august
june - august
june - march
june - july
june - may
april - july
april - march
april - june
april - may
december - august
january - december
january - december
january - august
november - august
november - december
october - november
october - august
february - october
february - august
february - january
september - october
september - february
september - august
may - september
may - february
may - august
june - september
june - may
june - august
april - august
april - may
april - february
march - august
march - april
march - february
july - june
july - october
july - september
july - august
february - august
january - february
december - january
december - february
december - august
april - august
april - february
september - april
september - december
september - august
march - august
march - february
march - april
october - april
october - september
october - december
november - august
november - october
november - december
july - august
july - march
july - april
may - august
may - march
may - july
may - april
june - july
june - march
june - may
april - january
may - april
october - may
november - october
august - november
august - may
august - november
august - october
july - august
july - april
july - may
march - july
march - april
march - january
june - july
june - april
june - may
december - june
december - october
december - november
september - july
september - november
september - october
september - august
february - july
february - april
february - march
february - january
march - february
december - march
may - december
may - march
may - december
july - may
july - december
april - may
april - march
november - may
november - december
november - july
october - may
october - november
october - july
january - july
january - april
january - march
january - february
june - may
june - november
june - october
june - july
august - june
august - november
august - october
august - july
september - june
september - october
september - august
february - december
april - february
april - december
april - february
january - april
january - february
july - april
july - december
june - april
june - december
june - july
may - june
may - february
may - april
october - may
october - july
october - december
august - june
august - october
august - july
november - june
november - october
november - december
september - july
september - november
september - october
september - august
march - july
march - april
march - february
november - may
october - november
october - november
october - may
february - october
february - may
september - october
september - may
december - september
december - november
january - october
january - may
january - february
march - september
march - february
march - may
august - september
august - march
august - may
april - august
april - march
april - may
june - august
june - march
june - may
july - june
july - october
july - september
july - august
december - may
november - december
november - december
november - may
february - november
february - may
april - november
april - may
april - february
july - may
july - december
july - november
august - july
august - december
august - november
march - july
march - april
march - february
october - july
october - november
october - august
september - july
september - november
september - october
september - august
january - august
january - april
january - march
january - february
june - july
june - march
june - may
december - february
july - december
july - december
july - february
january - july
january - february
may - july
may - february
june - may
june - december
june - july
november - june
november - december
november - july
august - june
august - november
august - july
september - july
september - november
september - august
october - july
october - november
october - september
march - august
march - may
march - february
april - july
april - march
april - june
april - may
january - february
october - january
october - february
december - february
december - october
september - october
september - february
july - september
july - february
april - september
april - february
april - july
june - july
june - february
june - april
november - july
november - october
november - december
march - july
march - april
march - february
may - july
may - march
may - june
may - april
august - june
august - october
august - september
august - july
march - may
august - march
august - may
november - may
november - august
february - august
february - may
february - march
april - may
april - march
july - may
july - november
july - august
october - may
october - august
october - november
december - july
december - october
december - november
june - july
june - april
june - may
september - july
september - november
september - october
september - august
january - july
january - april
january - march
january - february
december - august
november - december
november - december
november - august
february - november
february - august
may - november
may - august
may - february
july - august
july - may
october - august
october - december
october - november
april - august
april - may
april - february
june - august
june - may
june - july
september - july
september - november
september - october
september - august
january - august
january - may
january - april
january - february
march - july
march - april
march - february
january - august
september - january
september - august
june - august
june - january
april - august
april - june
april - january
december - june
december - september
july - august
july - april
july - june
march - july
march - april
march - january
october - july
october - september
october - december
may - july
may - april
may - june
february - july
february - april
february - march
february - january
november - june
november - september
november - december
november - october
july - november
october - july
october - november
october - july
march - october
march - july
june - october
june - july
june - march
august - july
august - november
august - october
april - august
april - june
april - march
january - july
january - april
january - march
december - july
december - october
december - november
may - july
may - april
may - june
september - july
september - november
september - october
september - august
february - july
february - april
february - march
february - january
march - april
september - march
september - april
november - april
november - september
october - september
october - november
june - september
june - april
december - september
december - november
may - september
may - april
may - june
july - september
july - may
july - june
february - july
february - may
february - april
february - march
january - july
january - april
january - march
january - february
august - june
august - october
august - september
august - july
october - march
february - october
february - october
february - march
september - march
september - october
january - september
january - march
january - february
august - march
august - october
august - september
may - august
may - february
may - march
december - may
december - september
december - october
june - august
june - march
june - may
april - june
april - march
april - may
november - june
november - october
november - december
july - june
july - october
july - september
july - august
january - june
august - january
august - june
february - june
february - january
april - june
april - february
may - april
may - august
may - june
march - may
march - february
march - april
july - april
july - june
july - august
november - may
november - july
november - august
september - may
september - august
september - november
october - june
october - september
october - november
december - june
december - september
december - november
february - may
april - february
april - may
april - february
january - april
january - february
september - april
september - may
august - april
august - september
august - may
march - may
march - february
march - april
november - april
november - august
november - september
december - may
december - september
december - november
june - may
june - november
june - september
june - august
october - june
october - november
october - september
july - june
july - october
july - september
july - august
november - march
december - november
june - december
june - november
june - march
february - november
february - june
february - march
july - june
july - december
july - november
january - july
january - march
january - february
april - june
april - february
april - march
may - june
may - march
may - april
august - may
august - november
august - july
september - june
september - november
september - august
october - june
october - september
october - december
october - november
march - may
october - march
october - may
june - may
june - october
july - june
july - october
september - june
september - october
september - july
december - july
december - october
february - july
february - may
february - march
january - july
january - may
january - march
january - february
november - june
november - october
november - december
august - july
august - november
august - october
august - september
april - july
april - march
april - june
april - may
february - august
december - february
december - august
july - august
july - february
april - august
april - july
april - february
september - july
september - december
september - august
january - august
january - april
january - february
november - july
november - september
november - december
october - august
october - november
october - september
may - august
may - april
may - july
march - august
march - april
march - february
june - july
june - march
june - may
january - august
september - january
september - august
february - august
february - january
december - august
december - september
june - august
june - february
october - august
october - december
october - september
april - august
april - february
april - june
november - august
november - october
november - december
march - august
march - april
march - february
july - august
july - march
july - june
may - july
may - march
may - june
may - april
february - october
may - february
may - october
may - february
september - may
september - october
july - september
july - may
april - july
april - may
april - february
june - july
june - april
june - may
december - june
december - september
december - october
january - july
january - may
january - april
january - february
november - june
november - october
november - december
august - july
august - november
august - october
august - september
march - july
march - april
march - february
october - may
february - october
february - october
february - may
june - may
june - october
november - june
november - october
september - june
september - november
september - october
april - september
april - may
april - february
december - june
december - october
december - november
january - september
january - may
january - april
january - february
july - june
july - november
july - october
july - september
august - july
august - november
august - october
august - september
march - july
march - april
march - february
february - april
july - february
july - april
september - april
september - july
may - july
may - april
december - may
december - september
january - july
january - april
january - february
august - may
august - september
august - july
june - july
june - april
june - may
november - june
november - september
november - december
october - july
october - november
october - september
march - july
march - april
march - february
november - october
april - november
april - november
april - october
july - october
july - april
march - october
march - july
march - april
june - july
june - april
may - july
may - april
may - june
september - june
september - october
september - july
february - july
february - may
february - april
february - march
january - june
january - april
january - march
january - february
december - june
december - october
december - november
august - june
august - october
august - september
august - july
march - february
august - march
september - august
april - september
april - august
april - march
october - april
october - september
may - august
may - march
may - april
june - may
june - september
june - august
july - june
july - september
july - august
january - june
january - april
january - march
january - february
november - june
november - september
november - october
december - june
december - september
december - november
april - may
march - april
july - march
july - april
july - may
september - may
september - july
august - may
august - september
august - july
december - july
december - september
january - july
january - april
january - march
june - july
june - april
june - may
october - june
october - september
october - december
february - july
february - april
february - march
february - january
november - june
november - september
november - december
november - october
july - may
december - july
january - december
january - july
january - may
october - july
october - december
march - july
march - may
march - january
june - july
june - march
june - may
august - june
august - october
august - july
april - july
april - may
april - march
february - june
february - april
february - march
february - january
september - june
september - october
september - august
november - june
november - september
november - december
november - october
april - october
september - april
september - october
september - april
january - september
january - april
february - september
february - april
february - january
march - april
march - february
july - april
july - october
july - september
june - april
june - september
june - july
november - june
november - september
november - october
may - june
may - march
may - april
august - june
august - october
august - september
august - july
december - june
december - september
december - november
september - april
july - september
july - september
july - april
december - july
december - september
june - september
june - july
june - april
february - july
february - june
february - april
may - july
may - april
may - june
november - june
november - september
november - december
august - july
august - november
august - september
january - july
january - may
january - april
january - february
march - july
march - april
march - february
october - june
october - september
october - december
october - november
april - july
january - april
february - january
february - april
february - january
november - april
november - july
august - april
august - november
august - july
march - july
march - february
march - april
september - april
september - august
september - november
june - july
june - march
june - april
may - june
may - march
may - april
december - june
december - september
december - november
october - june
october - september
october - december
october - november
november - december
march - november
october - march
october - november
october - march
july - november
july - october
july - march
june - october
june - july
june - march
september - october
september - june
september - july
april - september
april - june
april - march
january - september
january - june
january - april
january - march
may - july
may - april
may - june
august - july
august - november
august - october
august - september
february - july
february - april
february - march
february - january
march - october
august - march
august - october
august - march
june - august
june - march
may - august
may - june
may - march
december - june
december - october
february - august
february - may
february - march
april - june
april - march
april - may
july - june
july - october
july - august
september - june
september - october
september - august
november - july
november - october
november - december
january - july
january - april
january - march
january - february
july - november
december - july
december - november
october - november
october - july
may - november
may - october
may - july
june - october
june - july
june - may
april - october
april - june
april - may
february - july
february - may
february - april
september - july
september - november
september - october
march - july
march - may
march - april
march - february
january - july
january - april
january - march
january - february
august - june
august - october
august - september
august - july
may - july
april - may
december - april
december - may
december - july
september - july
september - december
november - july
november - december
november - september
march - september
march - may
march - april
february - july
february - april
february - march
august - july
august - november
august - september
january - july
january - april
january - march
january - february
october - july
october - november
october - september
june - july
june - march
june - may
august - december
april - august
september - april
september - august
september - december
march - september
march - august
march - april
june - august
june - april
november - august
november - december
november - september
october - august
october - november
october - september
july - september
july - june
july - august
may - august
may - june
may - april
january - august
january - may
january - april
january - march
february - july
february - april
february - march
february - january
september - april
august - september
august - september
august - april
march - august
march - april
may - august
may - april
june - may
june - september
june - august
july - june
july - september
july - august
january - june
january - april
january - march
december - june
december - august
december - september
february - june
february - april
february - march
february - january
october - june
october - september
october - december
november - june
november - september
november - december
november - october
june - april
september - june
march - september
march - june
march - april
january - june
january - april
january - march
may - april
may - september
may - june
august - may
august - september
august - june
july - may
july - august
july - june
december - june
december - august
december - september
october - june
october - september
october - december
february - july
february - april
february - march
february - january
november - june
november - september
november - december
november - october
april - july
june - april
june - july
june - april
january - june
january - april
november - june
november - july
december - june
december - november
may - july
may - april
may - june
september - june
september - november
september - july
march - july
march - may
march - april
march - january
february - june
february - april
february - march
february - january
october - june
october - november
october - september
august - june
august - october
august - september
august - july
february - january
june - february
september - june
august - september
august - june
august - september
march - june
march - february
october - june
october - september
may - june
may - february
may - march
april - june
april - march
april - may
november - may
november - september
november - october
july - june
july - october
july - september
july - august
december - june
december - september
december - november
march - may
september - march
september - may
november - may
november - september
july - september
july - may
june - july
june - may
february - july
february - may
february - march
october - june
october - september
october - november
december - july
december - october
december - november
january - july
january - may
january - march
january - february
august - july
august - november
august - october
august - september
april - july
april - march
april - june
april - may
march - june
july - march
july - june
september - june
september - july
november - july
november - september
may - july
may - june
may - march
august - july
august - november
august - september
april - july
april - may
april - march
february - july
february - may
february - april
february - march
december - june
december - september
december - november
january - july
january - april
january - march
january - february
october - june
october - september
october - december
october - november
november - december
may - november
july - may
july - november
july - may
august - november
august - july
october - august
october - december
october - november
march - october
march - july
march - may
april - august
april - may
april - march
june - august
june - may
june - july
february - july
february - may
february - april
february - march
september - july
september - november
september - october
september - august
january - july
january - april
january - march
january - february
july - february
august - july
may - august
may - july
may - february
september - july
september - august
april - july
april - may
april - february
january - july
january - april
january - february
november - may
november - august
november - september
march - july
march - april
march - february
december - may
december - september
december - november
october - july
october - november
october - september
june - july
june - march
june - may
february - august
january - february
october - january
october - february
october - august
june - august
june - february
december - june
december - october
november - august
november - december
november - october
may - august
may - february
may - june
july - august
july - may
july - june
march - july
march - may
march - february
april - july
april - march
april - june
april - may
september - june
september - october
september - august
august - september
june - august
march - june
january - march
april - january
april - june
april - march
july - june
july - september
july - august
december - june
december - august
december - september
november - july
november - september
november - december
may - july
may - april
may - june
february - july
february - april
february - march
february - january
october - june
october - september
october - december
october - november
march - october
august - march
august - october
august - march
february - august
february - march
april - august
april - march
may - april
may - october
may - august
september - may
september - october
september - august
june - may
june - september
june - august
july - june
july - september
july - august
november - june
november - september
november - october
december - july
december - october
december - november
january - july
january - april
january - march
january - february
august - july
february - august
february - august
february - july
november - july
november - august
may - august
may - july
may - february
april - july
april - may
april - february
march - july
march - april
march - february
october - may
october - august
october - november
september - july
september - october
september - august
december - july
december - october
december - november
january - august
january - april
january - march
january - february
june - july
june - march
june - may
march - july
april - march
april - july
april - march
september - april
september - july
october - july
october - september
december - july
december - october
january - september
january - april
january - march
june - july
june - march
june - april
february - july
february - april
february - march
february - january
august - june
august - october
august - september
august - july
november - july
november - october
november - december
may - july
may - march
may - june
may - april
june - august
december - june
december - august
march - august
march - june
january - august
january - june
january - march
july - june
july - december
july - august
may - july
may - march
may - june
february - june
february - march
february - january
september - june
september - august
september - december
october - june
october - september
october - december
april - july
april - march
april - june
april - may
november - june
november - september
november - december
november - october
june - july
december - june
december - july
august - july
august - december
november - august
november - december
april - august
april - july
april - june
october - august
october - december
october - november
march - august
march - june
march - april
january - august
january - june
january - april
january - march
september - july
september - november
september - october
september - august
february - august
february - april
february - march
february - january
may - july
may - march
may - june
may - april
january - march
july - january
july - march
september - march
september - july
december - july
december - september
june - july
june - march
april - july
april - march
april - june
august - june
august - september
august - july
november - july
november - september
november - december
february - july
february - april
february - march
february - january
may - july
may - march
may - june
may - april
october - june
october - september
october - december
october - november
july - april
october - july
august - october
august - july
august - october
december - august
december - october
june - august
june - july
june - april
march - august
march - june
march - april
may - july
may - april
may - june
february - july
february - may
february - april
february - march
january - june
january - april
january - march
january - february
november - june
november - october
november - december
september - june
september - october
september - august
april - august
january - april
june - january
june - april
june - august
october - june
october - august
march - june
march - april
march - january
november - june
november - october
may - june
may - march
may - april
december - june
december - october
december - november
july - june
july - november
july - october
july - august
february - july
february - april
february - march
february - january
september - june
september - october
september - august
january - june
march - january
march - june
march - january
december - march
december - june
august - june
august - december
may - june
may - march
november - june
november - december
november - august
september - june
september - november
september - august
april - august
april - may
april - march
july - june
july - november
july - september
july - august
february - july
february - april
february - march
february - january
october - june
october - september
october - december
october - november
november - july
february - november
february - november
february - july
august - july
august - november
june - august
june - july
june - february
april - july
april - june
april - february
december - july
december - november
october - july
october - november
october - august
may - august
may - june
may - april
january - july
january - may
january - april
january - february
september - july
september - november
september - october
september - august
march - july
march - april
march - february
february - march
january - february
april - january
april - february
april - march
december - march
december - april
july - march
july - december
july - april
june - april
june - december
june - july
november - april
november - july
november - december
august - june
august - november
august - july
september - june
september - november
september - august
may - july
may - march
may - june
may - april
october - june
october - september
october - december
october - november
october - november
april - october
january - april
july - january
july - october
july - april
may - july
may - april
september - july
september - november
september - october
december - july
december - october
december - november
february - september
february - may
february - april
february - january
august - july
august - november
august - october
august - september
june - august
june - april
june - july
june - may
march - july
march - april
march - february
november - december
january - november
may - january
may - november
may - january
september - november
september - may
october - september
october - december
october - november
june - october
june - may
june - september
july - september
july - may
july - june
march - september
march - june
march - may
march - january
february - july
february - may
february - march
february - january
august - july
august - november
august - october
august - september
april - july
april - march
april - june
april - may
september - august
may - september
may - september
may - august
march - august
march - may
december - august
december - september
april - august
april - may
april - march
january - august
january - april
january - march
february - may
february - march
february - january
october - may
october - september
october - december
june - may
june - october
june - september
june - august
november - june
november - october
november - december
july - june
july - october
july - september
july - august
november - january
september - november
september - november
september - january
february - september
february - january
june - september
june - february
december - june
december - november
march - september
march - february
march - june
october - june
october - november
october - september
august - september
august - march
august - june
april - august
april - march
april - june
july - august
july - march
july - june
may - july
may - march
may - june
may - april
june - march
october - june
may - october
may - june
may - march
august - june
august - october
december - june
december - october
april - august
april - may
april - march
november - june
november - october
november - december
september - august
september - november
september - october
january - august
january - may
january - april
january - march
february - august
february - april
february - march
february - january
july - june
july - october
july - september
july - august
july - january
february - july
february - july
february - january
september - february
september - july
august - july
august - september
october - july
october - september
december - august
december - october
march - august
march - february
march - july
may - august
may - march
may - july
november - july
november - october
november - december
april - august
april - march
april - july
april - may
june - july
june - march
june - may
february - july
october - february
october - july
march - july
march - february
november - july
november - october
september - july
september - november
september - october
august - september
august - march
august - july
january - august
january - march
january - february
april - august
april - march
april - july
june - july
june - march
june - april
may - july
may - march
may - june
may - april
december - june
december - september
december - november
october - july
august - october
august - october
august - july
november - august
november - october
september - october
september - august
march - september
march - august
march - july
february - september
february - july
february - march
june - august
june - march
june - july
april - august
april - june
april - march
may - july
may - april
may - june
december - july
december - october
december - november
january - july
january - april
january - march
january - february
august - september
february - august
december - february
december - august
december - september
june - september
june - august
june - february
april - august
april - june
april - february
may - august
may - april
may - june
january - june
january - april
january - february
march - june
march - april
march - february
october - may
october - september
october - december
july - june
july - october
july - september
july - august
november - june
november - september
november - december
november - october
february - august
november - february
november - august
september - august
september - november
may - september
may - august
may - february
january - august
january - may
january - february
june - august
june - february
june - may
july - june
july - september
july - august
april - july
april - may
april - february
october - june
october - september
october - november
december - july
december - october
december - november
march - july
march - april
march - february
june - october
november - june
november - october
august - october
august - june
march - october
march - august
march - june
september - august
september - november
september - october
december - september
december - november
january - september
january - june
january - march
february - september
february - june
february - march
february - january
may - august
may - march
may - june
april - august
april - march
april - june
april - may
july - june
july - october
july - september
july - august
february - november
january - february
september - january
september - february
september - november
december - september
december - november
july - september
july - february
august - september
august - february
august - july
april - august
april - february
april - july
may - august
may - april
may - july
june - july
june - april
june - may
october - july
october - november
october - september
march - july
march - april
march - february
march - may
november - march
november - may
april - may
april - march
december - may
december - november
september - may
september - december
september - november
january - september
january - april
january - march
october - may
october - november
october - september
august - september
august - april
august - may
june - august
june - april
june - may
july - august
july - april
july - june
february - july
february - april
february - march
february - january
august - june
december - august
february - december
february - august
february - june
october - august
october - december
april - august
april - june
april - february
july - august
july - april
july - june
november - july
november - october
november - december
september - august
september - november
september - october
january - august
january - june
january - april
january - february
may - august
may - april
may - july
may - june
march - july
march - april
march - february
january - march
april - january
april - march
june - march
june - april
november - april
november - june
september - april
september - november
september - june
december - june
december - november
august - june
august - november
august - september
october - august
october - november
october - september
may - august
may - april
may - june
february - august
february - april
february - march
february - january
july - june
july - october
july - september
july - august
september - april
december - september
february - december
february - september
february - april
august - september
august - april
march - august
march - april
march - february
july - august
july - march
july - april
january - july
january - march
january - february
may - july
may - march
may - april
november - may
november - september
november - december
october - july
october - november
october - september
june - july
june - march
june - may
april - august
march - april
september - march
september - april
september - august
november - august
november - september
january - august
january - april
january - march
may - august
may - march
may - april
december - may
december - september
december - november
july - august
july - april
july - may
february - july
february - april
february - march
february - january
october - july
october - november
october - september
june - july
june - march
june - may
march - september
october - march
october - september
february - september
february - march
november - september
november - october
january - september
january - march
january - february
july - september
july - february
july - march
december - july
december - october
december - november
may - september
may - march
may - july
june - july
june - march
june - may
august - july
august - november
august - october
august - september
april - july
april - march
april - june
april - may
dec - mar
feb - dec
feb - dec
feb - mar
jan - mar
jan - feb
jul - mar
jul - dec
jun - mar
jun - dec
jun - jul
apr - jun
apr - feb
apr - mar
oct - apr
oct - jul
oct - dec
sep - jun
sep - oct
sep - jul
may - jun
may - mar
may - apr
aug - jun
aug - oct
aug - sep
aug - jul
nov - jun
nov - sep
nov - dec
nov - oct
apr - feb
aug - apr
jan - aug
jan - apr
jan - feb
dec - apr
dec - aug
jul - apr
jul - dec
jul - aug
oct - jul
oct - dec
oct - aug
may - jul
may - feb
may - apr
sep - jul
sep - oct
sep - aug
mar - jul
mar - apr
mar - feb
jun - jul
jun - mar
jun - may
nov - jun
nov - sep
nov - dec
nov - oct
sep - apr
jul - sep
jul - sep
jul - apr
feb - jul
feb - apr
oct - jul
oct - sep
jun - jul
jun - apr
may - jul
may - apr
may - jun
dec - jun
dec - sep
dec - oct
aug - jul
aug - oct
aug - sep
jan - jul
jan - may
jan - apr
jan - feb
mar - jul
mar - apr
mar - feb
nov - jun
nov - sep
nov - dec
nov - oct
dec - may
jan - dec
jan - dec
jan - may
apr - may
apr - jan
mar - may
mar - apr
mar - jan
oct - apr
oct - dec
oct - may
jul - may
jul - dec
jul - oct
sep - may
sep - oct
sep - jul
aug - jul
aug - oct
aug - sep
feb - jul
feb - apr
feb - mar
feb - jan
jun - jul
jun - mar
jun - may
nov - jun
nov - sep
nov - dec
nov - oct
jun - apr
jul - jun
aug - jul
dec - aug
nov - dec
nov - jul
nov - dec
nov - aug
sep - aug
sep - dec
sep - nov
mar - aug
mar - jun
mar - apr
may - aug
may - jun
may - apr
jan - jul
jan - may
jan - apr
jan - mar
feb - jul
feb - apr
feb - mar
feb - jan
oct - jun
oct - sep
oct - dec
oct - nov
dec - aug
nov - dec
nov - dec
nov - aug
oct - nov
oct - aug
may - nov
may - oct
may - aug
jan - oct
jan - aug
jan - may
sep - oct
sep - may
sep - aug
apr - sep
apr - may
apr - jan
jun - sep
jun - may
jun - aug
jul - aug
jul - may
jul - jun
feb - aug
feb - may
feb - apr
feb - jan
mar - jul
mar - apr
mar - feb
aug - jul
sep - aug
dec - sep
jun - dec
jun - sep
jun - aug
jun - jul
feb - aug
feb - jul
feb - jun
jan - aug
jan - jun
jan - feb
oct - jul
oct - sep
oct - dec
apr - aug
apr - jun
apr - feb
nov - jul
nov - oct
nov - dec
may - aug
may - apr
may - jul
may - jun
mar - jul
mar - apr
mar - feb
jul - sep
oct - jul
oct - sep
jun - sep
jun - jul
mar - sep
mar - jul
mar - jun
jan - jul
jan - jun
jan - mar
dec - jul
dec - oct
aug - jul
aug - oct
aug - sep
may - aug
may - jun
may - mar
nov - jul
nov - oct
nov - dec
apr - aug
apr - may
apr - mar
feb - jul
feb - apr
feb - mar
feb - jan
apr - may
dec - apr
dec - may
jun - may
jun - dec
jan - jun
jan - may
jan - apr
mar - may
mar - apr
mar - jan
sep - may
sep - dec
sep - jun
feb - may
feb - mar
feb - jan
nov - may
nov - sep
nov - dec
aug - may
aug - nov
aug - sep
aug - jun
jul - jun
jul - nov
jul - sep
jul - aug
oct - jun
oct - sep
oct - dec
oct - nov
jul - dec
jan - jul
nov - jan
nov - jul
nov - dec
jun - nov
jun - jul
jun - jan
feb - jul
feb - jun
feb - jan
sep - jul
sep - dec
sep - nov
mar - jul
mar - feb
mar - jun
may - jul
may - mar
may - jun
apr - jun
apr - mar
apr - may
oct - jun
oct - nov
oct - sep
aug - jun
aug - oct
aug - sep
aug - jul
feb - jun
aug - feb
aug - jun
nov - jun
nov - aug
dec - aug
dec - nov
jan - aug
jan - jun
jan - feb
apr - aug
apr - feb
apr - jun
jul - jun
jul - nov
jul - aug
sep - jul
sep - nov
sep - aug
mar - jul
mar - apr
mar - feb
may - jul
may - mar
may - jun
may - apr
oct - jun
oct - sep
oct - dec
oct - nov
jun - jan
sep - jun
may - sep
may - jun
may - jan
feb - jun
feb - may
feb - jan
aug - may
aug - sep
aug - jun
nov - jun
nov - sep
oct - jun
oct - sep
oct - nov
dec - aug
dec - oct
dec - nov
mar - aug
mar - may
mar - feb
apr - aug
apr - mar
apr - jun
apr - may
jul - jun
jul - oct
jul - sep
jul - aug
sep - jul
apr - sep
apr - sep
apr - jul
oct - jul
oct - sep
jan - sep
jan - jul
jan - apr
feb - jul
feb - apr
feb - jan
mar - jul
mar - feb
mar - apr
nov - apr
nov - sep
nov - oct
dec - jul
dec - oct
dec - nov
may - jul
may - mar
may - apr
jun - jul
jun - mar
jun - may
aug - jun
aug - oct
aug - sep
aug - jul
sep - apr
nov - sep
feb - nov
feb - sep
feb - apr
aug - sep
aug - apr
jan - aug
jan - apr
jan - feb
dec - aug
dec - nov
mar - aug
mar - feb
mar - apr
oct - aug
oct - nov
oct - sep
jun - aug
jun - mar
jun - apr
may - aug
may - mar
may - jun
may - apr
jul - jun
jul - oct
jul - sep
jul - aug
jul - may
dec - jul
jan - dec
jan - jul
jan - may
nov - jul
nov - dec
oct - jul
oct - dec
oct - nov
sep - oct
sep - may
sep - jul
feb - sep
feb - may
feb - jan
apr - sep
apr - may
apr - feb
aug - jul
aug - nov
aug - oct
aug - sep
jun - aug
jun - apr
jun - jul
jun - may
mar - jul
mar - apr
mar - feb
dec - sep
apr - dec
apr - dec
apr - sep
oct - sep
oct - dec
jun - oct
jun - sep
jun - apr
jul - sep
jul - jun
nov - sep
nov - dec
nov - oct
jan - sep
jan - jun
jan - apr
feb - sep
feb - jun
feb - apr
feb - jan
aug - jul
aug - nov
aug - oct
aug - sep
mar - aug
mar - apr
mar - feb
may - jul
may - mar
may - jun
may - apr
may - jun
jan - may
oct - jan
oct - may
oct - jun
feb - jun
feb - may
feb - jan
apr - may
apr - feb
mar - may
mar - feb
mar - apr
jul - apr
jul - jun
jul - oct
nov - may
nov - jul
nov - oct
sep - may
sep - oct
sep - jul
aug - jun
aug - oct
aug - sep
aug - jul
dec - jun
dec - sep
dec - nov
mar - aug
jan - mar
feb - jan
feb - mar
feb - jan
apr - mar
apr - aug
oct - mar
oct - aug
jul - apr
jul - oct
jul - aug
sep - apr
sep - aug
sep - oct
jun - jul
jun - mar
jun - apr
may - jun
may - mar
may - apr
dec - jun
dec - sep
dec - oct
nov - jun
nov - sep
nov - dec
nov - oct
nov - oct
aug - nov
aug - nov
aug - oct
may - oct
may - aug
jun - oct
jun - aug
jun - may
feb - aug
feb - jun
feb - may
mar - aug
mar - may
mar - feb
sep - jun
sep - oct
sep - aug
jul - aug
jul - may
jul - jun
apr - jul
apr - may
apr - mar
jan - jul
jan - apr
jan - mar
jan - feb
dec - jun
dec - sep
dec - nov
jan - oct
feb - jan
feb - oct
feb - jan
sep - feb
sep - oct
may - sep
may - feb
jul - may
jul - oct
jul - sep
nov - jul
nov - oct
aug - jul
aug - oct
aug - sep
jun - aug
jun - may
jun - jul
dec - jul
dec - oct
dec - nov
mar - aug
mar - may
mar - feb
apr - jul
apr - mar
apr - jun
apr - may
aug - jul
jun - aug
jun - aug
jun - jul
dec - jul
dec - aug
apr - aug
apr - jul
apr - jun
jan - jul
jan - jun
jan - apr
mar - jul
mar - apr
mar - jan
nov - jun
nov - aug
nov - dec
sep - jul
sep - nov
sep - aug
feb - jul
feb - apr
feb - mar
feb - jan
oct - jul
oct - nov
oct - sep
may - jul
may - mar
may - jun
may - apr
apr - feb
dec - apr
may - dec
may - apr
may - dec
nov - may
nov - dec
jul - may
jul - dec
jul - nov
oct - jul
oct - dec
oct - nov
mar - jul
mar - apr
mar - feb
jun - jul
jun - apr
jun - may
jan - jun
jan - apr
jan - mar
jan - feb
sep - jun
sep - nov
sep - oct
sep - jul
aug - jun
aug - oct
aug - sep
aug - jul
dec - nov
jul - dec
jul - dec
jul - nov
sep - nov
sep - jul
jan - nov
jan - sep
jan - jul
may - sep
may - jul
may - jan
aug - sep
aug - may
aug - jul
mar - aug
mar - may
mar - jan
apr - aug
apr - may
apr - mar
jun - jul
jun - apr
jun - may
oct - jul
oct - nov
oct - sep
feb - jul
feb - apr
feb - mar
feb - jan
jan - nov
jun - jan
jun - nov
jun - jan
feb - jun
feb - jan
dec - jun
dec - nov
oct - jun
oct - dec
oct - nov
apr - oct
apr - feb
apr - jun
sep - jun
sep - nov
sep - oct
may - sep
may - apr
may - jun
mar - jun
mar - apr
mar - feb
aug - jun
aug - nov
aug - oct
aug - sep
jul - jun
jul - oct
jul - sep
jul - aug
jul - dec
nov - jul
nov - dec
nov - jul
aug - nov
aug - jul
apr - nov
apr - aug
apr - jul
jun - aug
jun - jul
jun - apr
jan - aug
jan - jun
jan - apr
sep - jul
sep - nov
sep - aug
feb - aug
feb - jun
feb - apr
feb - jan
oct - jul
oct - nov
oct - sep
may - aug
may - apr
may - jul
may - jun
mar - jul
mar - apr
mar - feb
dec - jun
aug - dec
aug - dec
aug - jun
may - aug
may - jun
apr - aug
apr - jun
apr - may
nov - jun
nov - dec
nov - aug
sep - aug
sep - dec
sep - nov
jan - aug
jan - may
jan - apr
feb - aug
feb - may
feb - apr
feb - jan
jul - jun
jul - nov
jul - sep
jul - aug
oct - jul
oct - nov
oct - sep
mar - jul
mar - apr
mar - feb
aug - apr
mar - aug
mar - aug
mar - apr
jan - apr
jan - mar
oct - apr
oct - aug
jun - apr
jun - oct
jun - aug
may - jun
may - mar
may - apr
sep - may
sep - aug
sep - oct
jul - jun
jul - sep
jul - aug
dec - jun
dec - sep
dec - oct
nov - jul
nov - oct
nov - dec
feb - jul
feb - apr
feb - mar
feb - jan
mar - jun
feb - mar
dec - feb
dec - mar
dec - jun
apr - jun
apr - mar
sep - apr
sep - dec
sep - jun
jul - jun
jul - dec
jul - sep
may - jun
may - mar
may - apr
aug - jun
aug - sep
aug - jul
oct - jun
oct - sep
oct - dec
nov - jul
nov - oct
nov - dec
jan - jul
jan - apr
jan - mar
jan - feb
sep - jul
jun - sep
jun - sep
jun - jul
oct - jul
oct - sep
mar - sep
mar - jul
mar - jun
may - jul
may - jun
may - mar
nov - jul
nov - oct
apr - jul
apr - may
apr - mar
aug - jul
aug - oct
aug - sep
feb - jul
feb - may
feb - apr
feb - mar
jan - jul
jan - apr
jan - mar
jan - feb
dec - jun
dec - sep
dec - nov
feb - apr
mar - feb
mar - apr
mar - feb
may - mar
may - apr
oct - apr
oct - may
jan - apr
jan - mar
jan - feb
nov - apr
nov - oct
jul - apr
jul - oct
jul - may
aug - may
aug - oct
aug - jul
jun - may
jun - oct
jun - aug
jun - jul
dec - jun
dec - oct
dec - nov
sep - jun
sep - oct
sep - aug
sep - nov
dec - sep
dec - nov
apr - nov
apr - sep
may - nov
may - sep
may - apr
jul - sep
jul - may
mar - sep
mar - may
mar - apr
aug - jul
aug - nov
aug - sep
jan - aug
jan - may
jan - apr
jan - mar
jun - jul
jun - apr
jun - may
feb - jul
feb - apr
feb - mar
feb - jan
oct - jun
oct - sep
oct - dec
oct - nov
mar - jun
apr - mar
apr - jun
apr - mar
aug - apr
aug - jun
sep - jun
sep - aug
feb - jun
feb - apr
feb - mar
dec - jun
dec - sep
nov - jun
nov - sep
nov - dec
jan - aug
jan - apr
jan - mar
jan - feb
oct - jun
oct - nov
oct - sep
jul - aug
jul - mar
jul - jun
may - jul
may - mar
may - jun
may - apr
dec - mar
aug - dec
aug - dec
aug - mar
may - aug
may - mar
oct - aug
oct - dec
jul - aug
jul - may
apr - aug
apr - may
apr - mar
nov - jul
nov - oct
nov - dec
jan - aug
jan - may
jan - apr
jan - mar
feb - jul
feb - apr
feb - mar
feb - jan
sep - jul
sep - nov
sep - oct
sep - aug
jun - jul
jun - mar
jun - may
feb - sep
nov - feb
nov - sep
apr - sep
apr - feb
may - sep
may - apr
oct - may
oct - nov
oct - sep
jan - sep
jan - apr
jan - feb
mar - may
mar - feb
mar - apr
jun - may
jun - oct
jun - sep
aug - may
aug - oct
aug - sep
aug - jun
jul - jun
jul - oct
jul - sep
jul - aug
dec - jun
dec - sep
dec - nov
jun - may
sep - jun
aug - sep
aug - jun
aug - sep
feb - aug
feb - jun
feb - may
mar - jun
mar - may
mar - feb
apr - jun
apr - mar
apr - may
jan - may
jan - mar
jan - feb
nov - may
nov - aug
nov - sep
oct - may
oct - sep
oct - nov
dec - jun
dec - oct
dec - nov
jul - jun
jul - oct
jul - sep
jul - aug
oct - sep
apr - oct
apr - oct
apr - sep
may - sep
may - apr
aug - sep
aug - may
mar - aug
mar - may
mar - apr
jul - aug
jul - apr
jul - may
dec - jul
dec - sep
dec - oct
feb - aug
feb - may
feb - apr
feb - mar
jun - jul
jun - apr
jun - may
jan - jul
jan - apr
jan - mar
jan - feb
nov - jun
nov - sep
nov - dec
nov - oct
may - jan
mar - may
mar - may
mar - jan
sep - mar
sep - may
nov - may
nov - sep
apr - may
apr - mar
oct - may
oct - nov
oct - sep
feb - may
feb - mar
feb - jan
jul - may
jul - oct
jul - sep
dec - may
dec - oct
dec - nov
jun - jul
jun - mar
jun - may
aug - jun
aug - oct
aug - sep
aug - jul
jan - dec
may - jan
may - dec
may - jan
jul - may
jul - dec
apr - jul
apr - may
apr - jan
nov - may
nov - dec
nov - jul
sep - jul
sep - dec
sep - nov
mar - jul
mar - apr
mar - jan
aug - jul
aug - nov
aug - sep
jun - jul
jun - apr
jun - may
oct - jul
oct - nov
oct - sep
feb - jul
feb - apr
feb - mar
feb - jan
sep - oct
aug - sep
nov - aug
nov - sep
nov - oct
may - oct
may - sep
may - aug
apr - sep
apr - aug
apr - may
feb - sep
feb - may
feb - apr
mar - aug
mar - apr
mar - feb
dec - aug
dec - oct
dec - nov
jun - aug
jun - apr
jun - may
jul - aug
jul - apr
jul - jun
jan - jul
jan - apr
jan - mar
jan - feb
mar - oct
dec - mar
dec - oct
jul - oct
jul - mar
jan - oct
jan - jul
jan - mar
sep - jul
sep - dec
sep - oct
feb - sep
feb - mar
feb - jan
apr - jul
apr - feb
apr - mar
may - jul
may - mar
may - apr
jun - may
jun - oct
jun - sep
jun - jul
nov - jun
nov - oct
nov - dec
aug - jun
aug - oct
aug - sep
aug - jul
apr - jan
oct - apr
dec - oct
mar - dec
mar - oct
mar - apr
mar - jan
may - apr
may - dec
may - oct
feb - may
feb - mar
feb - jan
nov - apr
nov - oct
nov - dec
jun - may
jun - nov
jun - oct
jul - may
jul - nov
jul - oct
jul - jun
sep - jun
sep - nov
sep - oct
sep - jul
aug - jun
aug - oct
aug - sep
aug - jul
jun - dec
mar - jun
feb - mar
may - feb
may - jun
may - mar
aug - may
aug - dec
aug - jun
oct - jun
oct - dec
oct - aug
apr - jun
apr - mar
apr - may
nov - jun
nov - oct
nov - dec
jul - jun
jul - nov
jul - oct
jul - aug
sep - jul
sep - nov
sep - oct
sep - aug
jan - jul
jan - apr
jan - mar
jan - feb
nov - may
jan - nov
jan - nov
jan - may
aug - may
aug - nov
mar - aug
mar - may
mar - jan
sep - may
sep - nov
sep - aug
jun - aug
jun - mar
jun - may
jul - jun
jul - sep
jul - aug
feb - jul
feb - may
feb - mar
feb - jan
oct - jun
oct - sep
oct - nov
apr - jul
apr - mar
apr - jun
apr - may
dec - jun
dec - sep
dec - nov
feb - aug
jun - feb
jun - aug
jun - feb
jan - jun
jan - feb
nov - jun
nov - aug
jul - jun
jul - nov
jul - aug
apr - jul
apr - feb
apr - jun
dec - jun
dec - aug
dec - nov
may - jul
may - apr
may - jun
mar - jun
mar - apr
mar - feb
sep - jun
sep - nov
sep - aug
oct - jun
oct - sep
oct - dec
oct - nov
oct - jun
dec - oct
jul - dec
jul - oct
jul - jun
aug - oct
aug - jul
apr - aug
apr - jul
apr - jun
feb - aug
feb - jun
feb - apr
sep - jul
sep - oct
sep - aug
mar - aug
mar - jun
mar - apr
mar - feb
jan - jul
jan - apr
jan - mar
jan - feb
nov - jul
nov - oct
nov - dec
may - jul
may - mar
may - jun
may - apr
jun - nov
feb - jun
jan - feb
jul - jan
jul - jun
jul - nov
may - jun
may - feb
mar - jun
mar - feb
mar - may
oct - may
oct - jul
oct - nov
sep - jun
sep - oct
sep - jul
aug - jun
aug - oct
aug - sep
aug - jul
dec - jul
dec - oct
dec - nov
apr - jul
apr - mar
apr - jun
apr - may
jan - aug
mar - jan
mar - aug
mar - jan
dec - mar
dec - aug
may - aug
may - mar
jun - may
jun - dec
jun - aug
oct - jun
oct - dec
oct - aug
feb - jun
feb - mar
feb - jan
apr - jun
apr - mar
apr - may
jul - may
jul - oct
jul - aug
jul - jun
nov - jun
nov - oct
nov - dec
sep - jun
sep - oct
sep - aug
dec - aug
sep - dec
sep - dec
sep - aug
apr - sep
apr - aug
feb - sep
feb - aug
feb - apr
jun - aug
jun - apr
mar - aug
mar - apr
mar - feb
oct - jun
oct - sep
oct - dec
nov - aug
nov - oct
nov - dec
jul - aug
jul - apr
jul - jun
may - aug
may - apr
may - jul
may - jun
jan - jul
jan - apr
jan - mar
jan - feb
may - jul
sep - may
sep - jul
jun - jul
jun - may
oct - jul
oct - sep
feb - jul
feb - jun
feb - may
dec - jul
dec - oct
aug - jul
aug - oct
aug - sep
mar - aug
mar - jun
mar - may
mar - feb
apr - jul
apr - may
apr - mar
nov - jul
nov - oct
nov - dec
jan - jul
jan - apr
jan - mar
jan - feb
apr - jan
nov - apr
jul - nov
jul - apr
jul - nov
dec - jul
dec - nov
oct - jul
oct - dec
oct - nov
aug - oct
aug - apr
aug - jul
may - aug
may - apr
may - jul
sep - aug
sep - nov
sep - oct
feb - aug
feb - may
feb - apr
feb - jan
jun - aug
jun - apr
jun - jul
jun - may
mar - jul
mar - apr
mar - feb
may - mar
apr - may
apr - may
apr - mar
jul - apr
jul - may
oct - may
oct - jul
nov - may
nov - oct
jun - jul
jun - apr
jun - may
jan - jun
jan - apr
jan - mar
aug - jun
aug - oct
aug - jul
dec - jun
dec - oct
dec - nov
sep - jul
sep - nov
sep - oct
sep - aug
feb - jul
feb - apr
feb - mar
feb - jan
feb - jul
nov - feb
nov - jul
sep - jul
sep - nov
may - sep
may - jul
may - feb
apr - jul
apr - may
apr - feb
aug - jul
aug - nov
aug - sep
dec - jul
dec - sep
dec - nov
jun - aug
jun - may
jun - jul
mar - jul
mar - may
mar - apr
mar - feb
jan - jul
jan - apr
jan - mar
jan - feb
oct - jun
oct - sep
oct - dec
oct - nov
nov - may
sep - nov
sep - nov
sep - may
mar - sep
mar - may
dec - sep
dec - nov
jun - sep
jun - may
aug - sep
aug - may
aug - jun
jan - aug
jan - may
jan - mar
jul - aug
jul - may
jul - jun
oct - jul
oct - nov
oct - sep
apr - aug
apr - may
apr - mar
feb - jul
feb - apr
feb - mar
feb - jan
nov - apr
jan - nov
jan - nov
jan - apr
sep - apr
sep - nov
feb - sep
feb - apr
feb - jan
aug - apr
aug - nov
aug - sep
oct - aug
oct - nov
oct - sep
dec - aug
dec - oct
dec - nov
jul - sep
jul - apr
jul - aug
mar - aug
mar - apr
mar - feb
may - aug
may - mar
may - jul
may - apr
jun - jul
jun - mar
jun - may
sep - nov
dec - sep
dec - nov
apr - nov
apr - sep
feb - nov
feb - sep
feb - apr
may - sep
may - apr
jan - sep
jan - apr
jan - feb
mar - may
mar - feb
mar - apr
aug - may
aug - nov
aug - sep
oct - may
oct - nov
oct - sep
jul - aug
jul - mar
jul - may
jun - jul
jun - mar
jun - may
mar - jul
jan - mar
apr - jan
apr - mar
apr - jul
dec - apr
dec - jul
sep - apr
sep - dec
sep - jul
nov - jul
nov - dec
nov - sep
feb - jul
feb - mar
feb - jan
may - jul
may - mar
may - apr
oct - may
oct - nov
oct - sep
aug - jul
aug - nov
aug - oct
aug - sep
jun - jul
jun - mar
jun - may
apr - mar
nov - apr
jan - nov
jan - apr
jan - mar
dec - apr
dec - nov
jul - apr
jul - dec
jul - nov
sep - jul
sep - dec
sep - nov
aug - jul
aug - nov
aug - sep
jun - aug
jun - apr
jun - jul
may - jul
may - apr
may - jun
oct - jul
oct - nov
oct - sep
feb - jul
feb - apr
feb - mar
feb - jan
oct - apr
jul - oct
jul - oct
jul - apr
dec - jul
dec - oct
mar - oct
mar - jul
mar - apr
nov - jul
nov - dec
nov - oct
jun - oct
jun - apr
jun - jul
feb - jul
feb - apr
feb - mar
may - jul
may - apr
may - jun
jan - jun
jan - apr
jan - mar
jan - feb
sep - jun
sep - nov
sep - oct
sep - jul
aug - jun
aug - oct
aug - sep
aug - jul
dec - oct
may - dec
may - dec
may - oct
sep - oct
sep - may
mar - oct
mar - sep
mar - may
nov - sep
nov - dec
nov - oct
jul - oct
jul - may
jul - sep
aug - sep
aug - may
aug - jul
jan - sep
jan - jul
jan - may
jan - mar
jun - aug
jun - may
jun - jul
apr - aug
apr - may
apr - mar
feb - jul
feb - apr
feb - mar
feb - jan
dec - mar
jan - dec
jan - dec
jan - mar
feb - mar
feb - jan
jun - mar
jun - dec
nov - mar
nov - dec
nov - jun
oct - jun
oct - dec
oct - nov
may - jun
may - feb
may - mar
jul - jun
jul - nov
jul - oct
sep - jun
sep - nov
sep - oct
sep - jul
apr - jul
apr - mar
apr - jun
apr - may
aug - jun
aug - oct
aug - sep
aug - jul
apr - nov
jun - apr
jun - nov
jun - apr
mar - jun
mar - apr
may - jun
may - apr
jan - may
jan - apr
jan - mar
jul - may
jul - nov
jul - jun
oct - may
oct - jul
oct - nov
feb - jun
feb - apr
feb - mar
feb - jan
dec - may
dec - oct
dec - nov
aug - jun
aug - nov
aug - oct
aug - jul
sep - jun
sep - oct
sep - aug
dec - oct
feb - dec
feb - dec
feb - oct
jun - oct
jun - feb
mar - oct
mar - jun
mar - feb
jan - jun
jan - mar
jan - feb
aug - jun
aug - dec
aug - oct
may - jun
may - feb
may - mar
apr - jun
apr - mar
apr - may
sep - may
sep - oct
sep - aug
nov - jun
nov - oct
nov - dec
jul - jun
jul - oct
jul - sep
jul - aug
jun - feb
oct - jun
aug - oct
aug - jun
aug - oct
jul - aug
jul - jun
sep - jul
sep - oct
sep - aug
may - aug
may - jun
may - feb
nov - jul
nov - sep
nov - oct
dec - aug
dec - oct
dec - nov
mar - aug
mar - jun
mar - may
mar - feb
apr - aug
apr - may
apr - mar
jan - jul
jan - apr
jan - mar
jan - feb
aug - jul
apr - aug
apr - aug
apr - jul
may - jul
may - apr
jan - jul
jan - may
jan - apr
oct - may
oct - aug
dec - jul
dec - oct
sep - jul
sep - oct
sep - aug
feb - aug
feb - may
feb - apr
feb - jan
mar - jul
mar - apr
mar - feb
jun - jul
jun - mar
jun - may
nov - jun
nov - sep
nov - dec
nov - oct
may - aug
dec - may
dec - aug
nov - aug
nov - dec
jun - nov
jun - aug
jun - may
jan - aug
jan - jun
jan - may
sep - aug
sep - dec
sep - nov
apr - aug
apr - may
apr - jan
oct - aug
oct - nov
oct - sep
feb - aug
feb - may
feb - apr
feb - jan
jul - aug
jul - apr
jul - jun
mar - jul
mar - apr
mar - feb
sep - nov
dec - sep
dec - nov
apr - nov
apr - sep
jul - nov
jul - sep
jul - apr
jun - sep
jun - jul
jun - apr
oct - sep
oct - dec
oct - nov
may - sep
may - jun
may - apr
feb - sep
feb - jun
feb - may
feb - apr
mar - jul
mar - may
mar - apr
mar - feb
aug - jul
aug - nov
aug - oct
aug - sep
jan - jul
jan - apr
jan - mar
jan - feb
jul - dec
jan - jul
may - jan
may - jul
may - jan
nov - jul
nov - dec
jun - jul
jun - may
aug - jul
aug - dec
aug - nov
apr - jul
apr - may
apr - jan
sep - jul
sep - nov
sep - aug
oct - jul
oct - nov
oct - sep
mar - aug
mar - may
mar - apr
mar - jan
feb - jul
feb - apr
feb - mar
feb - jan
oct - may
mar - oct
mar - oct
mar - may
dec - may
dec - oct
aug - oct
aug - may
jul - aug
jul - may
sep - aug
sep - dec
sep - oct
feb - aug
feb - may
feb - mar
nov - aug
nov - oct
nov - dec
jan - aug
jan - may
jan - mar
jan - feb
apr - aug
apr - mar
apr - jul
apr - may
jun - jul
jun - mar
jun - may
jun - may
aug - jun
jan - aug
jan - jun
jan - may
apr - jun
apr - may
apr - jan
jul - may
jul - aug
jul - jun
dec - jun
dec - aug
sep - jun
sep - aug
sep - dec
nov - jul
nov - sep
nov - dec
feb - jul
feb - may
feb - apr
feb - jan
oct - jul
oct - nov
oct - sep
mar - jul
mar - apr
mar - feb
dec - jan
feb - dec
feb - dec
feb - jan
nov - feb
nov - dec
jun - nov
jun - feb
apr - jun
apr - feb
aug - jun
aug - dec
aug - nov
sep - jun
sep - nov
sep - aug
mar - aug
mar - apr
mar - feb
oct - jun
oct - nov
oct - sep
jul - aug
jul - mar
jul - jun
may - jul
may - mar
may - jun
may - apr
jan - dec
apr - jan
apr - dec
apr - jan
mar - apr
mar - jan
jul - apr
jul - dec
sep - apr
sep - dec
sep - jul
nov - jul
nov - dec
nov - sep
oct - jul
oct - nov
oct - sep
jun - sep
jun - apr
jun - jul
feb - jul
feb - apr
feb - mar
feb - jan
aug - jul
aug - nov
aug - oct
aug - sep
may - jul
may - mar
may - jun
may - apr
oct - apr
aug - oct
aug - oct
aug - apr
feb - aug
feb - apr
jul - aug
jul - apr
sep - jul
sep - oct
sep - aug
dec - aug
dec - oct
nov - aug
nov - oct
nov - dec
may - sep
may - jul
may - apr
jun - aug
jun - may
jun - jul
jan - aug
jan - may
jan - apr
jan - feb
mar - jul
mar - apr
mar - feb
mar - sep
nov - mar
nov - sep
jun - sep
jun - mar
may - sep
may - jun
may - mar
oct - jun
oct - nov
oct - sep
jul - sep
jul - may
jul - jun
jan - jul
jan - may
jan - mar
feb - jul
feb - may
feb - mar
feb - jan
apr - jun
apr - mar
apr - may
aug - jun
aug - oct
aug - sep
aug - jul
dec - jun
dec - sep
dec - nov
oct - jan
dec - oct
apr - dec
apr - oct
apr - jan
jun - oct
jun - apr
mar - jun
mar - apr
mar - jan
aug - jun
aug - dec
aug - oct
nov - jun
nov - oct
nov - dec
feb - aug
feb - apr
feb - mar
feb - jan
jul - jun
jul - nov
jul - oct
jul - aug
sep - jul
sep - nov
sep - oct
sep - aug
may - jul
may - mar
may - jun
may - apr
mar - jan
nov - mar
dec - nov
sep - dec
sep - nov
sep - mar
may - sep
may - mar
feb - sep
feb - mar
feb - jan
jul - may
jul - nov
jul - sep
oct - jul
oct - nov
oct - sep
jun - jul
jun - mar
jun - may
aug - jul
aug - nov
aug - oct
aug - sep
apr - jul
apr - mar
apr - jun
apr - may
sep - oct
jun - sep
apr - jun
jan - apr
dec - jan
dec - jun
dec - oct
may - sep
may - apr
may - jun
mar - jun
mar - apr
mar - jan
aug - jun
aug - oct
aug - sep
nov - jun
nov - oct
nov - dec
feb - aug
feb - apr
feb - mar
feb - jan
jul - jun
jul - oct
jul - sep
jul - aug
may - jan
jul - may
aug - jul
feb - aug
feb - jul
feb - may
feb - jan
dec - may
dec - aug
apr - jul
apr - feb
apr - may
oct - may
oct - aug
oct - dec
jun - jul
jun - apr
jun - may
sep - jun
sep - oct
sep - aug
nov - jul
nov - oct
nov - dec
mar - jul
mar - apr
mar - feb
oct - dec
mar - oct
jun - mar
jun - oct
jun - mar
sep - oct
sep - jun
feb - sep
feb - jun
feb - mar
apr - sep
apr - mar
apr - jun
nov - jun
nov - oct
nov - dec
jan - sep
jan - apr
jan - mar
jan - feb
may - jun
may - mar
may - apr
jul - jun
jul - nov
jul - oct
jul - sep
aug - jun
aug - oct
aug - sep
aug - jul
feb - jan
jul - feb
dec - jul
mar - dec
mar - jul
mar - feb
aug - mar
aug - dec
aug - jul
jun - jul
jun - feb
jun - mar
sep - jun
sep - aug
sep - dec
nov - jul
nov - sep
nov - dec
may - jul
may - mar
may - jun
oct - jul
oct - nov
oct - sep
apr - jul
apr - mar
apr - jun
apr - may
nov - jun
sep - nov
sep - nov
sep - jun
mar - sep
mar - jun
jan - sep
jan - jun
jan - mar
may - jun
may - mar
oct - jun
oct - nov
oct - sep
aug - jun
aug - oct
aug - sep
apr - aug
apr - may
apr - mar
jul - jun
jul - oct
jul - sep
jul - aug
feb - jul
feb - apr
feb - mar
feb - jan
dec - jun
dec - sep
dec - nov
mar - jul
apr - mar
apr - jul
apr - mar
aug - apr
aug - jul
jun - jul
jun - apr
nov - jun
nov - aug
jan - jul
jan - apr
jan - mar
sep - jun
sep - aug
sep - nov
dec - jul
dec - sep
dec - nov
feb - jul
feb - apr
feb - mar
feb - jan
oct - jul
oct - nov
oct - sep
may - jul
may - mar
may - jun
may - apr
jan - may
mar - jan
mar - may
mar - jan
jul - mar
jul - may
aug - may
aug - jul
nov - may
nov - aug
jun - jul
jun - mar
jun - may
feb - jun
feb - mar
feb - jan
oct - jun
oct - aug
oct - nov
sep - jun
sep - oct
sep - aug
apr - jul
apr - mar
apr - jun
apr - may
dec - jun
dec - sep
dec - nov
oct - jul
feb - oct
feb - oct
feb - jul
sep - jul
sep - oct
jan - sep
jan - jul
jan - feb
apr - jul
apr - feb
dec - jul
dec - oct
jun - jul
jun - feb
jun - apr
aug - jul
aug - oct
aug - sep
nov - jul
nov - oct
nov - dec
mar - aug
mar - apr
mar - feb
may - jul
may - mar
may - jun
may - apr
apr - dec
jun - apr
jun - dec
jun - apr
aug - jun
aug - dec
feb - aug
feb - jun
feb - apr
may - jun
may - apr
jul - jun
jul - dec
jul - aug
nov - jun
nov - aug
nov - dec
oct - jul
oct - nov
oct - aug
sep - jul
sep - nov
sep - oct
sep - aug
mar - aug
mar - may
mar - apr
mar - feb
jan - jul
jan - apr
jan - mar
jan - feb
jan - apr
sep - jan
sep - apr
nov - apr
nov - sep
jun - sep
jun - apr
dec - jun
dec - nov
may - sep
may - apr
may - jun
aug - jun
aug - nov
aug - sep
jul - aug
jul - may
jul - jun
oct - jul
oct - nov
oct - sep
feb - aug
feb - may
feb - apr
feb - jan
mar - jul
mar - apr
mar - feb
jan - dec
nov - jan
nov - dec
nov - jan
jul - nov
jul - jan
jun - nov
jun - jul
jun - jan
sep - jul
sep - dec
sep - nov
aug - sep
aug - jun
aug - jul
oct - aug
oct - nov
oct - sep
apr - sep
apr - jul
apr - jun
apr - jan
may - aug
may - jun
may - apr
mar - aug
mar - may
mar - apr
mar - jan
feb - jul
feb - apr
feb - mar
feb - jan
aug - apr
feb - aug
feb - aug
feb - apr
may - apr
may - aug
jul - may
jul - aug
jan - may
jan - apr
jan - feb
dec - may
dec - aug
mar - may
mar - feb
mar - apr
oct - may
oct - aug
oct - dec
nov - may
nov - oct
nov - dec
sep - jul
sep - nov
sep - oct
sep - aug
jun - jul
jun - mar
jun - may
nov - oct
jan - nov
jan - nov
jan - oct
sep - oct
sep - jan
may - oct
may - sep
may - jan
dec - sep
dec - nov
apr - oct
apr - may
apr - jan
feb - sep
feb - apr
feb - jan
jul - sep
jul - apr
jul - may
jun - jul
jun - apr
jun - may
aug - jul
aug - nov
aug - oct
aug - sep
mar - jul
mar - apr
mar - feb
feb - apr
nov - feb
nov - apr
dec - apr
dec - nov
jun - nov
jun - apr
may - jun
may - apr
jul - jun
jul - dec
jul - nov
jan - jun
jan - apr
jan - feb
mar - jun
mar - apr
mar - feb
sep - may
sep - nov
sep - jul
oct - jun
oct - nov
oct - sep
aug - jun
aug - oct
aug - sep
aug - jul
mar - feb
apr - mar
dec - apr
jun - dec
jun - apr
jun - dec
oct - apr
oct - dec
oct - jun
jan - jun
jan - mar
jan - feb
nov - apr
nov - oct
nov - dec
sep - jun
sep - nov
sep - oct
jul - jun
jul - nov
jul - oct
jul - sep
aug - jul
aug - nov
aug - oct
aug - sep
may - jul
may - mar
may - jun
may - apr
jan - jun
aug - jan
aug - jun
dec - jun
dec - aug
apr - aug
apr - jun
apr - jan
oct - jun
oct - dec
oct - aug
may - aug
may - apr
may - jun
jul - jun
jul - oct
jul - aug
feb - jul
feb - may
feb - apr
feb - jan
mar - jun
mar - apr
mar - feb
nov - jun
nov - oct
nov - dec
sep - jun
sep - oct
sep - aug
jan - feb
aug - jan
aug - feb
apr - feb
apr - aug
may - apr
may - aug
dec - apr
dec - aug
jul - may
jul - dec
jul - aug
sep - may
sep - aug
sep - dec
nov - jul
nov - sep
nov - dec
oct - jul
oct - nov
oct - sep
mar - aug
mar - apr
mar - feb
jun - jul
jun - mar
jun - may
aug - oct
feb - aug
jun - feb
jun - aug
jun - feb
may - aug
may - jun
may - feb
sep - jun
sep - oct
sep - aug
jan - aug
jan - may
jan - feb
nov - jun
nov - sep
nov - oct
apr - aug
apr - may
apr - feb
mar - jun
mar - apr
mar - feb
dec - jun
dec - oct
dec - nov
jul - jun
jul - oct
jul - sep
jul - aug
dec - aug
feb - dec
feb - dec
feb - aug
nov - aug
nov - dec
jun - nov
jun - aug
jun - feb
jul - aug
jul - jun
jan - aug
jan - jun
jan - feb
apr - jul
apr - feb
apr - jun
mar - jul
mar - apr
mar - feb
sep - jun
sep - nov
sep - aug
may - jul
may - mar
may - jun
may - apr
oct - jun
oct - sep
oct - dec
oct - nov
dec - apr
jan - dec
jan - dec
jan - apr
aug - apr
aug - dec
jun - aug
jun - apr
may - jun
may - apr
feb - jun
feb - apr
feb - jan
mar - may
mar - feb
mar - apr
sep - may
sep - aug
sep - dec
nov - may
nov - sep
nov - dec
oct - jun
oct - nov
oct - sep
jul - jun
jul - oct
jul - sep
jul - aug
oct - jun
dec - oct
nov - dec
nov - oct
nov - dec
aug - nov
aug - oct
aug - jun
may - oct
may - aug
may - jun
sep - oct
sep - jun
sep - aug
mar - sep
mar - jun
mar - may
feb - sep
feb - jun
feb - may
feb - mar
jan - aug
jan - may
jan - mar
jan - feb
apr - aug
apr - mar
apr - jun
apr - may
jul - jun
jul - oct
jul - sep
jul - aug
dec - oct
jul - dec
jul - dec
jul - oct
jan - oct
jan - jul
may - oct
may - jul
may - jan
jun - jul
jun - may
sep - jul
sep - dec
sep - oct
nov - jul
nov - oct
nov - dec
aug - sep
aug - jun
aug - jul
apr - aug
apr - jun
apr - may
apr - jan
feb - aug
feb - may
feb - apr
feb - jan
mar - jul
mar - apr
mar - feb
dec - may
aug - dec
aug - dec
aug - may
jun - aug
jun - may
nov - aug
nov - dec
oct - aug
oct - dec
oct - nov
jan - oct
jan - jun
jan - may
feb - aug
feb - may
feb - jan
apr - aug
apr - may
apr - feb
jul - jun
jul - nov
jul - oct
jul - aug
mar - jul
mar - apr
mar - feb
sep - jun
sep - oct
sep - aug
oct - jan
dec - oct
mar - dec
mar - oct
mar - jan
jul - oct
jul - mar
jun - jul
jun - mar
nov - jul
nov - dec
nov - oct
feb - jul
feb - mar
feb - jan
sep - jul
sep - nov
sep - oct
may - jul
may - mar
may - jun
aug - jul
aug - nov
aug - oct
aug - sep
apr - jul
apr - mar
apr - jun
apr - may
jan - feb
apr - jan
apr - feb
sep - feb
sep - apr
dec - apr
dec - sep
may - apr
may - dec
may - sep
oct - may
oct - dec
oct - sep
jun - may
jun - oct
jun - sep
jul - jun
jul - oct
jul - sep
mar - jun
mar - apr
mar - feb
nov - jun
nov - oct
nov - dec
aug - jun
aug - oct
aug - sep
aug - jul
february - july
november - february
november - july
november - july
november - november
february - november
february - july
february - february
march - july
march - february
april - july
april - february
april - march
october - april
october - november
october - july
may - july
may - march
may - april
february - may
february - march
february - february
may - may
may - november
may - october
may - july
july - may
july - october
july - july
april - may
april - march
april - may
april - april
june - may
june - october
june - july
june - may
january - may
january - march
january - february
january - february
march - may
march - february
march - april
march - march
august - may
august - july
august - november
august - october
october - may
october - august
october - november
october - october
december - april
june - december
june - december
june - april
december - june
december - december
september - december
september - june
december - september
december - december
november - december
november - june
november - september
july - november
july - june
july - september
january - november
january - july
january - june
january - april
june - september
june - june
june - july
august - september
august - june
august - july
october - august
october - december
october - november
october - september
september - september
september - december
september - november
september - october
march - september
march - june
march - april
march - january
may - september
may - june
may - march
may - april
january - august
january - may
[...]
April - dec
April - jan
JUNE - April
JUNE - dec
AUG - JUNE
AUG - dec
July - JUNE
July - dec
July - AUG
Sept - July
Sept - dec
Sept - AUG
march - July
march - April
march - jan
F - July
F - April
F - march
F - jan
Sept - march
July - Sept
July - Sept
July - march
F - July
F - march
jan - July
jan - march
jan - F
April - march
April - Sept
April - July
dec - April
dec - Sept
JUNE - April
JUNE - Sept
JUNE - July
AUG - JUNE
AUG - Sept
AUG - July
JUNE - march
dec - JUNE
Sept - dec
Sept - JUNE
Sept - dec
AUG - Sept
AUG - JUNE
jan - AUG
jan - JUNE
jan - march
F - AUG
F - march
F - jan
July - JUNE
July - Sept
July - AUG
April - July
April - march
April - JUNE
AUG - Sept
march - AUG
April - march
April - AUG
April - march
July - AUG
July - April
JUNE - July
JUNE - April
F - July
F - April
F - march
jan - JUNE
jan - march
jan - F
dec - JUNE
dec - AUG
dec - Sept
JUNE - Sept
march - JUNE
April - march
April - JUNE
April - march
dec - JUNE
dec - Sept
F - JUNE
F - April
F - march
July - JUNE
July - dec
July - Sept
AUG - JUNE
AUG - Sept
AUG - July
jan - July
jan - April
jan - march
jan - F
April - dec
jan - April
march - jan
march - April
march - jan
AUG - April
AUG - dec
Sept - April
Sept - dec
Sept - AUG
July - AUG
July - march
July - April
F - July
F - march
F - jan
JUNE - July
JUNE - march
JUNE - April
jan - march
April - jan
April - march
AUG - march
AUG - April
dec - April
dec - AUG
July - April
July - dec
July - AUG
F - July
F - march
F - jan
Sept - April
Sept - AUG
Sept - dec
JUNE - July
JUNE - march
JUNE - April
July - dec
jan - July
Sept - jan
Sept - July
Sept - dec
JUNE - Sept
JUNE - July
JUNE - jan
AUG - July
AUG - dec
AUG - Sept
march - AUG
march - JUNE
march - jan
F - July
F - march
F - jan
April - July
April - march
April - JUNE
Sept - April
July - Sept
July - Sept
July - April
march - July
march - April
dec - July
dec - Sept
F - July
F - April
F - march
JUNE - July
JUNE - march
JUNE - April
AUG - JUNE
AUG - Sept
AUG - July
jan - July
jan - April
jan - march
jan - F
April - AUG
July - April
July - AUG
July - April
march - July
march - April
Sept - July
Sept - AUG
jan - July
jan - April
jan - march
dec - July
dec - Sept
F - July
F - march
F - jan
JUNE - July
JUNE - march
JUNE - April
July - march
April - July
April - July
April - march
Sept - April
Sept - July
dec - July
dec - Sept
jan - July
jan - April
jan - march
AUG - July
AUG - dec
AUG - Sept
F - July
F - march
F - jan
JUNE - July
JUNE - march
JUNE - April
July - march
April - July
April - July
April - march
dec - April
dec - July
Sept - July
Sept - dec
F - July
F - April
F - march
AUG - July
AUG - dec
AUG - Sept
JUNE - July
JUNE - march
JUNE - April
jan - July
jan - April
jan - march
jan - F
April - AUG
July - April
July - AUG
July - April
F - July
F - April
jan - July
jan - April
jan - F
march - April
march - F
dec - April
dec - AUG
Sept - April
Sept - AUG
Sept - dec
JUNE - July
JUNE - march
JUNE - April
jan - JUNE
July - jan
July - JUNE
dec - JUNE
dec - July
march - July
march - JUNE
march - jan
Sept - JUNE
Sept - dec
Sept - July
April - July
April - march
April - JUNE
F - JUNE
F - march
F - jan
AUG - JUNE
AUG - Sept
AUG - July
July - JUNE
Sept - July
march - Sept
march - July
march - JUNE
jan - July
jan - JUNE
jan - march
April - JUNE
April - march
dec - JUNE
dec - Sept
F - JUNE
F - march
F - jan
AUG - JUNE
AUG - Sept
AUG - July
F - jan
AUG - F
Sept - AUG
July - Sept
July - AUG
July - F
dec - July
dec - Sept
April - AUG
April - F
April - July
march - July
march - F
march - April
JUNE - July
JUNE - march
JUNE - April
march - Sept
April - march
April - Sept
April - march
July - April
July - Sept
JUNE - July
JUNE - April
dec - JUNE
dec - Sept
jan - July
jan - April
jan - march
AUG - JUNE
AUG - Sept
AUG - July
F - July
F - April
F - march
F - jan
F - AUG
Sept - F
Sept - AUG
JUNE - AUG
JUNE - F
dec - AUG
dec - Sept
July - AUG
July - JUNE
April - AUG
April - JUNE
April - F
jan - July
jan - April
jan - F
march - July
march - April
march - F
Sept - JUNE
July - Sept
July - Sept
July - JUNE
dec - July
dec - Sept
AUG - Sept
AUG - July
April - AUG
April - July
April - JUNE
F - AUG
F - JUNE
F - April
march - July
march - April
march - F
jan - July
jan - April
jan - march
jan - F
July - jan
dec - July
April - dec
April - July
April - jan
AUG - July
AUG - dec
JUNE - July
JUNE - April
march - July
march - April
march - jan
F - JUNE
F - march
F - jan
Sept - JUNE
Sept - AUG
Sept - dec
JUNE - F
march - JUNE
march - JUNE
march - F
Sept - march
Sept - JUNE
AUG - JUNE
AUG - Sept
jan - JUNE
jan - march
jan - F
dec - JUNE
dec - Sept
April - JUNE
April - F
April - march
July - JUNE
July - Sept
July - AUG
Sept - JUNE
march - Sept
march - Sept
march - JUNE
dec - JUNE
dec - Sept
April - Sept
April - JUNE
April - march
jan - JUNE
jan - April
jan - march
AUG - JUNE
AUG - dec
AUG - Sept
July - JUNE
July - Sept
July - AUG
F - July
F - April
F - march
F - jan
F - AUG
march - F
march - AUG
march - F
dec - march
dec - AUG
jan - AUG
jan - march
jan - F
April - march
April - dec
April - AUG
Sept - April
Sept - dec
Sept - AUG
July - April
July - Sept
July - AUG
JUNE - July
JUNE - march
JUNE - April
July - AUG
dec - July
dec - AUG
JUNE - AUG
JUNE - July
jan - AUG
jan - July
jan - JUNE
Sept - July
Sept - dec
Sept - AUG
April - AUG
April - JUNE
April - jan
march - July
march - April
march - jan
F - July
F - April
F - march
F - jan
Sept - April
jan - Sept
jan - Sept
jan - April
July - April
July - Sept
JUNE - July
JUNE - April
march - JUNE
march - April
march - jan
F - JUNE
F - march
F - jan
dec - April
dec - July
dec - Sept
AUG - JUNE
AUG - Sept
AUG - July
Sept - April
AUG - Sept
AUG - Sept
AUG - April
march - AUG
march - April
July - AUG
July - April
F - July
F - April
F - march
jan - July
jan - march
jan - F
dec - April
dec - AUG
dec - Sept
JUNE - July
JUNE - march
JUNE - April
JUNE - F
jan - JUNE
jan - JUNE
jan - F
Sept - F
Sept - JUNE
AUG - JUNE
AUG - Sept
April - JUNE
April - F
march - JUNE
march - F
march - April
July - April
July - AUG
July - JUNE
dec - JUNE
dec - AUG
dec - Sept
AUG - Sept
dec - AUG
dec - Sept
march - Sept
march - AUG
jan - Sept
jan - AUG
jan - march
F - AUG
F - march
F - jan
April - AUG
April - F
April - march
JUNE - April
JUNE - Sept
JUNE - AUG
July - JUNE
July - Sept
July - AUG
F - AUG
Sept - F
Sept - AUG
march - AUG
march - F
July - AUG
July - march
jan - July
jan - march
jan - F
JUNE - July
JUNE - F
JUNE - march
April - JUNE
April - F
April - march
dec - JUNE
dec - AUG
dec - Sept
JUNE - march
AUG - JUNE
F - AUG
F - JUNE
F - march
jan - JUNE
jan - march
jan - F
Sept - march
Sept - AUG
July - JUNE
July - Sept
July - AUG
April - JUNE
April - F
April - march
dec - JUNE
dec - AUG
dec - Sept
April - July
jan - April
march - jan
march - April
march - jan
Sept - April
Sept - July
JUNE - April
JUNE - Sept
JUNE - July
F - JUNE
F - march
F - jan
dec - April
dec - July
dec - Sept
AUG - JUNE
AUG - Sept
AUG - July
AUG - dec
jan - AUG
Sept - jan
Sept - AUG
Sept - dec
F - Sept
F - AUG
F - jan
April - AUG
April - F
JUNE - AUG
JUNE - F
JUNE - April
march - JUNE
march - F
march - April
July - JUNE
July - Sept
July - AUG
dec - F
July - dec
July - dec
July - F
Sept - July
Sept - dec
April - Sept
April - July
April - F
march - July
march - April
march - F
AUG - July
AUG - dec
AUG - Sept
JUNE - July
JUNE - march
JUNE - April
jan - July
jan - April
jan - march
jan - F
JUNE - jan
F - JUNE
F - JUNE
F - jan
dec - F
dec - JUNE
July - JUNE
July - dec
AUG - JUNE
AUG - dec
AUG - July
Sept - July
Sept - dec
Sept - AUG
march - July
march - F
march - JUNE
April - July
April - march
April - JUNE
AUG - march
April - AUG
April - AUG
April - march
jan - April
jan - march
Sept - April
Sept - AUG
F - April
F - march
F - jan
July - April
July - Sept
July - AUG
JUNE - April
JUNE - AUG
JUNE - July
dec - JUNE
dec - AUG
dec - Sept
April - dec
July - April
July - dec
July - April
march - July
march - April
AUG - July
AUG - dec
JUNE - July
JUNE - April
Sept - July
Sept - dec
Sept - AUG
jan - July
jan - April
jan - march
F - July
F - April
F - march
F - jan
AUG - July
April - AUG
April - AUG
April - July
jan - July
jan - April
dec - July
dec - AUG
F - July
F - April
F - jan
march - July
march - F
march - April
JUNE - April
JUNE - AUG
JUNE - July
Sept - JUNE
Sept - AUG
Sept - dec
march - jan
April - march
AUG - April
JUNE - AUG
JUNE - April
JUNE - AUG
July - April
July - AUG
July - JUNE
Sept - JUNE
Sept - AUG
F - JUNE
F - march
F - jan
dec - JUNE
dec - AUG
dec - Sept
Sept - April
July - Sept
July - Sept
July - April
AUG - July
AUG - Sept
march - AUG
march - July
march - April
jan - July
jan - April
jan - march
JUNE - July
JUNE - march
JUNE - April
dec - JUNE
dec - AUG
dec - Sept
F - July
F - April
F - march
F - jan
July - AUG
Sept - July
Sept - AUG
jan - AUG
jan - July
JUNE - AUG
JUNE - July
JUNE - jan
F - July
F - JUNE
F - jan
march - July
march - F
march - JUNE
dec - JUNE
dec - AUG
dec - Sept
April - July
April - march
April - JUNE
JUNE - AUG
dec - JUNE
dec - AUG
jan - AUG
jan - JUNE
F - AUG
F - JUNE
F - jan
march - JUNE
march - F
April - JUNE
April - F
April - march
Sept - April
Sept - AUG
Sept - dec
July - JUNE
July - Sept
July - AUG
dec - march
Sept - dec
Sept - dec
Sept - march
AUG - Sept
AUG - march
July - Sept
July - AUG
July - march
F - AUG
F - July
F - march
JUNE - AUG
JUNE - march
JUNE - July
jan - July
jan - march
jan - F
April - July
April - march
April - JUNE
Sept - march
July - Sept
July - Sept
July - march
F - July
F - march
dec - July
dec - Sept
JUNE - July
JUNE - march
April - July
April - march
April - JUNE
AUG - JUNE
AUG - Sept
AUG - July
jan - July
jan - April
jan - march
jan - F
jan - march
July - jan
July - march
JUNE - march
JUNE - July
Sept - JUNE
Sept - July
F - JUNE
F - march
F - jan
April - JUNE
April - F
April - march
AUG - April
AUG - July
AUG - Sept
dec - JUNE
dec - AUG
dec - Sept
F - Sept
April - F
April - Sept
April - F
July - April
July - Sept
jan - July
jan - April
jan - F
dec - April
dec - Sept
JUNE - July
JUNE - F
JUNE - April
march - JUNE
march - F
march - April
AUG - JUNE
AUG - Sept
AUG - July
JUNE - July
F - JUNE
dec - F
dec - JUNE
dec - July
April - July
April - JUNE
April - F
march - JUNE
march - April
march - F
Sept - JUNE
Sept - dec
Sept - July
AUG - JUNE
AUG - Sept
AUG - July
jan - July
jan - April
jan - march
jan - F
march - jan
July - march
Sept - July
AUG - Sept
AUG - July
AUG - Sept
JUNE - July
JUNE - march
F - July
F - march
F - jan
dec - JUNE
dec - AUG
dec - Sept
April - July
April - march
April - JUNE
march - July
AUG - march
AUG - July
April - July
April - march
JUNE - July
JUNE - April
F - JUNE
F - April
F - march
jan - JUNE
jan - march
jan - F
Sept - April
Sept - July
Sept - AUG
dec - JUNE
dec - AUG
dec - Sept
dec - Sept
JUNE - dec
JUNE - dec
JUNE - Sept
April - Sept
April - JUNE
jan - Sept
jan - JUNE
jan - April
July - JUNE
July - dec
July - Sept
AUG - July
AUG - dec
AUG - Sept
F - July
F - April
F - jan
march - July
march - April
march - F
march - AUG
Sept - march
Sept - AUG
dec - AUG
dec - Sept
April - Sept
April - AUG
April - march
July - AUG
July - April
F - AUG
F - April
F - march
jan - July
jan - march
jan - F
JUNE - July
JUNE - march
JUNE - April
AUG - JUNE
F - AUG
F - AUG
F - JUNE
march - JUNE
march - F
dec - JUNE
dec - AUG
July - JUNE
July - dec
July - AUG
Sept - July
Sept - dec
Sept - AUG
jan - July
jan - march
jan - F
April - July
April - march
April - JUNE
dec - AUG
march - dec
march - dec
march - AUG
April - AUG
April - march
F - AUG
F - April
F - march
jan - April
jan - march
jan - F
Sept - April
Sept - dec
Sept - AUG
JUNE - April
JUNE - Sept
JUNE - AUG
July - JUNE
July - Sept
July - AUG
dec - jan
march - dec
march - dec
march - jan
July - march
July - dec
AUG - July
AUG - dec
F - July
F - march
F - jan
JUNE - July
JUNE - F
JUNE - march
Sept - JUNE
Sept - AUG
Sept - dec
April - July
April - march
April - JUNE
JUNE - AUG
F - JUNE
April - F
April - JUNE
April - F
march - JUNE
march - April
march - F
Sept - April
Sept - AUG
jan - JUNE
jan - march
jan - F
July - April
July - AUG
July - JUNE
dec - JUNE
dec - AUG
dec - Sept
march - July
jan - march
F - jan
F - march
F - jan
JUNE - march
JUNE - July
dec - march
dec - July
Sept - JUNE
Sept - dec
Sept - July
AUG - JUNE
AUG - Sept
AUG - July
April - July
April - march
April - JUNE
July - march
AUG - July
F - AUG
F - July
F - march
Sept - July
Sept - AUG
dec - July
dec - Sept
jan - AUG
jan - march
jan - F
April - July
April - F
April - march
JUNE - July
JUNE - march
JUNE - April
jan - F
April - jan
April - F
AUG - F
AUG - April
Sept - April
Sept - AUG
march - April
march - F
dec - April
dec - Sept
JUNE - April
JUNE - Sept
JUNE - AUG
July - JUNE
July - Sept
July - AUG
dec - march
AUG - dec
AUG - dec
AUG - march
July - AUG
July - march
Sept - AUG
Sept - dec
JUNE - AUG
JUNE - July
JUNE - march
F - AUG
F - JUNE
F - march
April - July
April - march
April - JUNE
jan - July
jan - April
jan - march
jan - F
July - AUG
F - July
April - F
April - July
April - F
JUNE - July
JUNE - April
jan - JUNE
jan - April
jan - F
dec - JUNE
dec - AUG
march - JUNE
march - F
march - April
Sept - JUNE
Sept - AUG
Sept - dec
dec - F
AUG - dec
AUG - dec
AUG - F
July - AUG
July - F
April - AUG
April - July
April - F
JUNE - July
JUNE - April
jan - July
jan - April
jan - F
march - JUNE
march - F
march - April
Sept - JUNE
Sept - AUG
Sept - dec
AUG - Sept
march - AUG
jan - march
dec - jan
dec - AUG
dec - Sept
F - AUG
F - march
F - jan
April - AUG
April - F
April - march
JUNE - April
JUNE - Sept
JUNE - AUG
July - JUNE
July - Sept
July - AUG
march - AUG
JUNE - march
JUNE - AUG
JUNE - march
July - JUNE
July - AUG
F - July
F - JUNE
F - march
Sept - JUNE
Sept - AUG
dec - July
dec - Sept
April - July
April - march
April - JUNE
jan - July
jan - April
jan - march
jan - F
JUNE - F
AUG - JUNE
July - AUG
July - JUNE
July - AUG
dec - July
dec - AUG
march - July
march - JUNE
march - F
April - July
April - march
April - JUNE
jan - JUNE
jan - march
jan - F
Sept - JUNE
Sept - AUG
Sept - dec
JUNE - July
march - JUNE
dec - march
dec - JUNE
dec - July
April - July
April - JUNE
April - march
jan - JUNE
jan - April
jan - march
F - JUNE
F - march
F - jan
Sept - April
Sept - July
Sept - dec
AUG - JUNE
AUG - Sept
AUG - July
dec - April
July - dec
July - dec
July - April
AUG - July
AUG - dec
Sept - AUG
Sept - dec
JUNE - AUG
JUNE - July
JUNE - April
jan - AUG
jan - JUNE
jan - April
F - July
F - April
F - jan
march - July
march - April
march - F
jan - July
April - jan
April - July
April - jan
march - April
march - jan
JUNE - April
JUNE - July
F - April
F - march
F - jan
Sept - April
Sept - July
dec - April
dec - July
dec - Sept
AUG - JUNE
AUG - Sept
AUG - July
July - AUG
JUNE - July
April - JUNE
Sept - April
Sept - July
Sept - AUG
march - July
march - JUNE
march - April
dec - July
dec - Sept
F - July
F - April
F - march
jan - July
jan - April
jan - march
jan - F
dec - Sept
JUNE - dec
JUNE - dec
JUNE - Sept
April - Sept
April - JUNE
jan - Sept
jan - JUNE
jan - April
AUG - JUNE
AUG - dec
AUG - Sept
F - AUG
F - April
F - jan
march - JUNE
march - F
march - April
July - JUNE
July - Sept
July - AUG
JUNE - jan
AUG - JUNE
April - AUG
April - JUNE
April - jan
F - JUNE
F - April
F - jan
July - April
July - AUG
July - JUNE
Sept - JUNE
Sept - AUG
dec - JUNE
dec - AUG
dec - Sept
march - July
march - April
march - F
Sept - dec
JUNE - Sept
July - JUNE
July - Sept
July - JUNE
AUG - Sept
AUG - July
F - AUG
F - July
F - JUNE
jan - AUG
jan - JUNE
jan - F
march - July
march - F
march - JUNE
April - July
April - march
April - JUNE
dec - Sept
April - dec
April - dec
April - Sept
AUG - Sept
AUG - April
march - Sept
march - AUG
march - April
jan - AUG
jan - April
jan - march
F - AUG
F - march
F - jan
July - April
July - Sept
July - AUG
JUNE - July
JUNE - march
JUNE - April
F - Sept
July - F
July - Sept
July - F
JUNE - July
JUNE - F
dec - July
dec - Sept
march - July
march - JUNE
march - F
jan - July
jan - march
jan - F
AUG - JUNE
AUG - Sept
AUG - July
April - July
April - march
April - JUNE
F - AUG
march - F
march - AUG
march - F
Sept - march
Sept - AUG
jan - AUG
jan - march
jan - F
July - march
July - Sept
July - AUG
dec - July
dec - Sept
April - July
April - F
April - march
JUNE - July
JUNE - march
JUNE - April
April - jan
Sept - April
march - Sept
march - April
march - jan
JUNE - April
JUNE - Sept
dec - April
dec - Sept
July - JUNE
July - dec
July - Sept
AUG - JUNE
AUG - Sept
AUG - July
F - July
F - April
F - march
F - jan
march - Sept
July - march
July - Sept
July - march
April - July
April - march
AUG - July
AUG - Sept
JUNE - July
JUNE - April
dec - July
dec - Sept
F - July
F - April
F - march
jan - July
jan - April
jan - march
jan - F
jan - JUNE
July - jan
July - JUNE
march - JUNE
march - jan
F - JUNE
F - march
F - jan
AUG - march
AUG - July
Sept - JUNE
Sept - AUG
April - JUNE
April - F
April - march
dec - JUNE
dec - AUG
dec - Sept
dec - AUG
F - dec
F - dec
F - AUG
march - AUG
march - F
jan - AUG
jan - march
jan - F
July - march
July - dec
July - AUG
April - July
April - F
April - march
Sept - April
Sept - AUG
Sept - dec
JUNE - July
JUNE - march
JUNE - April
jan - march
dec - jan
dec - march
July - march
July - dec
JUNE - July
JUNE - march
Sept - JUNE
Sept - dec
Sept - July
AUG - July
AUG - dec
AUG - Sept
F - July
F - march
F - jan
April - July
April - march
April - JUNE
April - F
dec - April
jan - dec
jan - April
jan - F
JUNE - April
JUNE - dec
July - April
July - dec
July - JUNE
AUG - JUNE
AUG - dec
AUG - July
Sept - JUNE
Sept - AUG
Sept - dec
march - July
march - April
march - F
dec - F
April - dec
April - dec
April - F
Sept - April
Sept - dec
July - Sept
July - April
jan - July
jan - April
jan - F
JUNE - July
JUNE - F
JUNE - April
AUG - JUNE
AUG - Sept
AUG - July
march - July
march - April
march - F
dec - F
jan - dec
jan - dec
jan - F
JUNE - F
JUNE - dec
April - JUNE
April - F
Sept - April
Sept - dec
Sept - JUNE
AUG - JUNE
AUG - dec
AUG - Sept
march - JUNE
march - F
march - April
July - JUNE
July - Sept
July - AUG
F - dec
April - F
April - dec
April - F
Sept - April
Sept - dec
jan - Sept
jan - April
jan - F
July - April
July - dec
July - Sept
JUNE - July
JUNE - F
JUNE - April
march - JUNE
march - F
march - April
AUG - JUNE
AUG - Sept
AUG - July
July - F
march - July
march - July
march - F
dec - march
dec - July
Sept - July
Sept - dec
JUNE - July
JUNE - march
jan - July
jan - march
jan - F
April - JUNE
April - F
April - march
AUG - JUNE
AUG - Sept
AUG - July
JUNE - July
march - JUNE
April - march
April - JUNE
April - march
jan - JUNE
jan - April
jan - march
dec - April
dec - July
F - JUNE
F - march
F - jan
AUG - April
AUG - July
AUG - dec
Sept - JUNE
Sept - AUG
Sept - dec
march - AUG
F - march
dec - F
dec - march
dec - AUG
jan - AUG
jan - march
jan - F
July - march
July - dec
July - AUG
Sept - July
Sept - dec
Sept - AUG
JUNE - July
JUNE - F
JUNE - march
April - July
April - march
April - JUNE
July - F
dec - July
Sept - dec
Sept - July
Sept - dec
AUG - Sept
AUG - July
march - AUG
march - July
march - F
jan - AUG
jan - march
jan - F
JUNE - July
JUNE - F
JUNE - march
April - July
April - march
April - JUNE
jan - AUG
April - jan
April - AUG
April - jan
march - April
march - jan
F - April
F - march
F - jan
dec - march
dec - AUG
Sept - April
Sept - dec
Sept - AUG
July - April
July - Sept
July - AUG
JUNE - July
JUNE - march
JUNE - April
July - jan
JUNE - July
JUNE - July
JUNE - jan
Sept - JUNE
Sept - July
dec - July
dec - Sept
march - July
march - JUNE
march - jan
April - July
April - march
April - JUNE
AUG - JUNE
AUG - Sept
AUG - July
F - July
F - April
F - march
F - jan
July - jan
JUNE - July
JUNE - July
JUNE - jan
Sept - JUNE
Sept - July
April - July
April - JUNE
April - jan
dec - JUNE
dec - Sept
march - July
march - April
march - jan
F - JUNE
F - march
F - jan
AUG - JUNE
AUG - Sept
AUG - July
dec - April
jan - dec
jan - dec
jan - April
F - April
F - jan
July - April
July - dec
JUNE - April
JUNE - dec
JUNE - July
AUG - JUNE
AUG - dec
AUG - July
Sept - JUNE
Sept - AUG
Sept - dec
march - July
march - April
march - F
]]></system-out>
  <system-err><![CDATA[]]></system-err>
</testsuite>
